w00: started pmake_worker()
w00: Listening for job
w00: got job: (<function parmake_job2 at 0x10917a5f0>, ('schedule', <compmake.context.Context object at 0x109057e50>, '4447313680', True))
w00: result: {'new_jobs': set(['statistics', 'f-2', 'f-3', 'f']), 'user_object': None, 'user_object_deps': set(['statistics'])}
w00: job finished. Putting in queue...
w00: (put)
w00: ...done.
w00: Listening for job
w00: got job: (<function parmake_job2 at 0x10917a5f0>, ('statistics', <compmake.context.Context object at 0x1090d7790>, '4447313680', True))
w00: result: {'new_jobs': [], 'user_object': None, 'user_object_deps': set([])}
w00: job finished. Putting in queue...
w00: (put)
w00: ...done.
w00: Listening for job
w00: got job: (<function parmake_job2 at 0x10917a5f0>, ('report', <compmake.context.Context object at 0x1090d71d0>, '4447313680', True))
w00: result: {'new_jobs': [], 'user_object': None, 'user_object_deps': set([])}
w00: job finished. Putting in queue...
w00: (put)
w00: ...done.
w00: Listening for job
w00: got job: please-exit
w00: clean exit.
