w02: started pmake_worker()
w02: Listening for job
w02: got job: (<function parmake_job2 at 0x108849d70>, ('a1-b12-preparing', <compmake.context.Context object at 0x108727cd0>, '4437888592', False))
w02: result: {'new_jobs': [], 'user_object': None, 'user_object_deps': set([])}
w02: job finished. Putting in queue...
w02: (put)
w02: ...done.
w02: Listening for job
w02: got job: (<function parmake_job2 at 0x108849d70>, ('a1-b12-computing', <compmake.context.Context object at 0x1087afa90>, '4437888592', False))
w02: result: {'new_jobs': [], 'user_object': None, 'user_object_deps': set([])}
w02: job finished. Putting in queue...
w02: (put)
w02: ...done.
w02: Listening for job
w02: got job: (<function parmake_job2 at 0x108849d70>, ('a1-b12-drawing', <compmake.context.Context object at 0x1087af8d0>, '4437888592', False))
w02: result: {'new_jobs': [], 'user_object': None, 'user_object_deps': set([])}
w02: job finished. Putting in queue...
w02: (put)
w02: ...done.
w02: Listening for job
w02: got job: (<function parmake_job2 at 0x108849d70>, ('a2-b10-preparing', <compmake.context.Context object at 0x1087afbd0>, '4437888592', False))
w02: result: {'new_jobs': [], 'user_object': None, 'user_object_deps': set([])}
w02: job finished. Putting in queue...
w02: (put)
w02: ...done.
w02: Listening for job
w02: got job: (<function parmake_job2 at 0x108849d70>, ('a2-b10-computing', <compmake.context.Context object at 0x1087aff10>, '4437888592', False))
w02: result: {'new_jobs': [], 'user_object': None, 'user_object_deps': set([])}
w02: job finished. Putting in queue...
w02: (put)
w02: ...done.
w02: Listening for job
w02: got job: (<function parmake_job2 at 0x108849d70>, ('a2-b10-drawing', <compmake.context.Context object at 0x1087afe50>, '4437888592', False))
w02: result: {'new_jobs': [], 'user_object': None, 'user_object_deps': set([])}
w02: job finished. Putting in queue...
w02: (put)
w02: ...done.
w02: Listening for job
w02: got job: please-exit
w02: clean exit.
