adding targets
 -         targets: ['a1-b10-drawing', 'a1-b11-drawing', 'a1-b12-drawing', 'a2-b10-drawing', 'a2-b11-drawing', 'a2-b12-drawing', 'a3-b10-drawing', 'a3-b11-drawing', 'a3-b12-drawing']
computed todo
 -    targets_done: set(['a2-b10-drawing', 'a2-b11-preparing', 'a3-b10-drawing', 'a3-b11-preparing', 'a2-b12-drawing', 'a1-b11-preparing', 'a1-b10-drawing', 'a1-b12-drawing', 'a3-b12-drawing'])
 -      ready_todo: set(['a1-b11-computing', 'a3-b11-computing', 'a2-b11-computing'])
 -       not_ready: set(['a3-b11-drawing', 'a1-b11-drawing', 'a2-b11-drawing'])
 - targets_todo_plus_deps: set(['a3-b11-drawing', 'a1-b11-computing', 'a2-b11-drawing', 'a3-b11-computing', 'a2-b11-computing', 'a1-b11-drawing'])
targets_todo_plus_deps: set(['a3-b11-drawing', 'a1-b11-computing', 'a2-b11-drawing', 'a3-b11-computing', 'a2-b11-computing', 'a1-b11-drawing'])
chosen next_job
 -          job_id: a2-b11-computing
start_job
 -          job_id: a2-b11-computing
check_job_finished
 -          job_id: a2-b11-computing
job_failed
 -          job_id: a2-b11-computing
chosen next_job
 -          job_id: a3-b11-computing
start_job
 -          job_id: a3-b11-computing
check_job_finished
 -          job_id: a3-b11-computing
job_failed
 -          job_id: a3-b11-computing
chosen next_job
 -          job_id: a1-b11-computing
start_job
 -          job_id: a1-b11-computing
check_job_finished
 -          job_id: a1-b11-computing
job_failed
 -          job_id: a1-b11-computing
