add_targets()
 -         targets: ['report']
computed todo
 -    targets_done: set([])
 -      ready_todo: set(['schedule', 'f-2', 'f-3', 'f'])
 -       not_ready: set(['report', 'statistics'])
 - targets_todo_plus_deps: set(['statistics', 'f', 'schedule', 'f-2', 'f-3', 'report'])
targets_todo_plus_deps: set(['statistics', 'f', 'schedule', 'f-2', 'f-3', 'report'])
add_targets():adding to todo
 -            todo: set(['report', 'statistics'])
 -        todo_add: set(['report', 'statistics'])
add_targets():adding to ready
 -           ready: set([])
 -       ready_add: set(['f', 'f-2', 'f-3', 'schedule'])
after add_targets()
 -            done: set([])
 -      ready_todo: set(['schedule', 'f-2', 'f-3', 'f'])
 -      processing: set([])
 -            todo: set(['report', 'statistics'])
chosen next_job
 -          job_id: schedule
start_job
 -          job_id: schedule
chosen next_job
 -          job_id: f
start_job
 -          job_id: f
chosen next_job
 -          job_id: f-3
start_job
 -          job_id: f-3
chosen next_job
 -          job_id: f-2
start_job
 -          job_id: f-2
check_job_finished
 -          job_id: schedule
check_job_finished
 -          job_id: f-2
check_job_finished
 -          job_id: f-3
check_job_finished
 -          job_id: f
check_job_finished
 -          job_id: schedule
check_job_finished
 -          job_id: f-2
check_job_finished
 -          job_id: f-3
check_job_finished
 -          job_id: f
check_job_finished
 -          job_id: schedule
job_succeeded
 -          job_id: schedule
considering parents
 -    parents_todo: set(['report'])
considering opportuniny
 -     opportunity: report
 -          job_id: schedule
parent still waiting another child
 -     opportunity: report
 -           child: statistics
check_job_finished_handle_result
 -        new_jobs: set(['statistics', 'f-2', 'f-3', 'f'])
 -          job_id: schedule
 - user_object_deps: set(['statistics'])
updating dep
 -          job_id: schedule
 -          parent: report
 -               d: statistics
rescheduling parent
 -          job_id: schedule
 -          parent: report
add_targets()
 -         targets: ['report']
computed todo
 -    targets_done: set(['f', 'f-2', 'f-3', 'schedule'])
 -      ready_todo: set(['statistics'])
 -       not_ready: set(['report'])
 - targets_todo_plus_deps: set(['report', 'statistics'])
targets_todo_plus_deps: set(['report', 'statistics'])
add_targets():adding to todo
 -            todo: set(['report', 'statistics'])
 -        todo_add: set(['report'])
add_targets():adding to ready
 -           ready: set([])
 -       ready_add: set(['statistics'])
after add_targets()
 -            done: set(['schedule'])
 -      ready_todo: set(['statistics'])
 -      processing: set(['f', 'f-2', 'f-3'])
 -            todo: set(['report'])
chosen next_job
 -          job_id: statistics
start_job
 -          job_id: statistics
check_job_finished
 -          job_id: statistics
check_job_finished
 -          job_id: f-2
job_succeeded
 -          job_id: f-2
considering parents
 -    parents_todo: set([])
check_job_finished_handle_result
 -        new_jobs: []
 -          job_id: f-2
 - user_object_deps: set([])
check_job_finished
 -          job_id: statistics
check_job_finished
 -          job_id: f-3
job_succeeded
 -          job_id: f-3
considering parents
 -    parents_todo: set([])
check_job_finished_handle_result
 -        new_jobs: []
 -          job_id: f-3
 - user_object_deps: set([])
check_job_finished
 -          job_id: statistics
check_job_finished
 -          job_id: f
job_succeeded
 -          job_id: f
considering parents
 -    parents_todo: set([])
check_job_finished_handle_result
 -        new_jobs: []
 -          job_id: f
 - user_object_deps: set([])
check_job_finished
 -          job_id: statistics
check_job_finished
 -          job_id: statistics
check_job_finished
 -          job_id: statistics
job_succeeded
 -          job_id: statistics
considering parents
 -    parents_todo: set(['report'])
considering opportuniny
 -     opportunity: report
 -          job_id: statistics
parent is ready
 -     opportunity: report
check_job_finished_handle_result
 -        new_jobs: []
 -          job_id: statistics
 - user_object_deps: set([])
chosen next_job
 -          job_id: report
start_job
 -          job_id: report
check_job_finished
 -          job_id: report
check_job_finished
 -          job_id: report
check_job_finished
 -          job_id: report
check_job_finished
 -          job_id: report
job_succeeded
 -          job_id: report
considering parents
 -    parents_todo: set([])
check_job_finished_handle_result
 -        new_jobs: []
 -          job_id: report
 - user_object_deps: set([])
